g:\visualstudioprojects\vortex game engine\vortex\third-party\glfw\bin-inter\debug-windows-x86_64\glfw\glfw.pdb
g:\visualstudioprojects\vortex game engine\vortex\third-party\glfw\bin-inter\debug-windows-x86_64\glfw\glfw.idb
g:\visualstudioprojects\vortex game engine\vortex\third-party\glfw\bin-inter\debug-windows-x86_64\glfw\window.obj
g:\visualstudioprojects\vortex game engine\vortex\third-party\glfw\bin-inter\debug-windows-x86_64\glfw\win32_window.obj
g:\visualstudioprojects\vortex game engine\vortex\third-party\glfw\bin-inter\debug-windows-x86_64\glfw\win32_time.obj
g:\visualstudioprojects\vortex game engine\vortex\third-party\glfw\bin-inter\debug-windows-x86_64\glfw\win32_thread.obj
g:\visualstudioprojects\vortex game engine\vortex\third-party\glfw\bin-inter\debug-windows-x86_64\glfw\win32_monitor.obj
g:\visualstudioprojects\vortex game engine\vortex\third-party\glfw\bin-inter\debug-windows-x86_64\glfw\win32_joystick.obj
g:\visualstudioprojects\vortex game engine\vortex\third-party\glfw\bin-inter\debug-windows-x86_64\glfw\win32_init.obj
g:\visualstudioprojects\vortex game engine\vortex\third-party\glfw\bin-inter\debug-windows-x86_64\glfw\wgl_context.obj
g:\visualstudioprojects\vortex game engine\vortex\third-party\glfw\bin-inter\debug-windows-x86_64\glfw\vulkan.obj
g:\visualstudioprojects\vortex game engine\vortex\third-party\glfw\bin-inter\debug-windows-x86_64\glfw\osmesa_context.obj
g:\visualstudioprojects\vortex game engine\vortex\third-party\glfw\bin-inter\debug-windows-x86_64\glfw\monitor.obj
g:\visualstudioprojects\vortex game engine\vortex\third-party\glfw\bin-inter\debug-windows-x86_64\glfw\input.obj
g:\visualstudioprojects\vortex game engine\vortex\third-party\glfw\bin-inter\debug-windows-x86_64\glfw\init.obj
g:\visualstudioprojects\vortex game engine\vortex\third-party\glfw\bin-inter\debug-windows-x86_64\glfw\egl_context.obj
g:\visualstudioprojects\vortex game engine\vortex\third-party\glfw\bin-inter\debug-windows-x86_64\glfw\context.obj
g:\visualstudioprojects\vortex game engine\vortex\third-party\glfw\bin\debug-windows-x86_64\glfw\glfw.lib
g:\visualstudioprojects\vortex game engine\vortex\third-party\glfw\bin-inter\debug-windows-x86_64\glfw\glfw.tlog\cl.command.1.tlog
g:\visualstudioprojects\vortex game engine\vortex\third-party\glfw\bin-inter\debug-windows-x86_64\glfw\glfw.tlog\cl.read.1.tlog
g:\visualstudioprojects\vortex game engine\vortex\third-party\glfw\bin-inter\debug-windows-x86_64\glfw\glfw.tlog\cl.write.1.tlog
g:\visualstudioprojects\vortex game engine\vortex\third-party\glfw\bin-inter\debug-windows-x86_64\glfw\glfw.tlog\lib-link.read.1.tlog
g:\visualstudioprojects\vortex game engine\vortex\third-party\glfw\bin-inter\debug-windows-x86_64\glfw\glfw.tlog\lib-link.write.1.tlog
g:\visualstudioprojects\vortex game engine\vortex\third-party\glfw\bin-inter\debug-windows-x86_64\glfw\glfw.tlog\lib.command.1.tlog
